2015-09-23 16:18:27,407 [      0]   INFO -        #com.intellij.idea.Main - ------------------------------------------------------ IDE STARTED ------------------------------------------------------ 
2015-09-23 16:18:27,437 [     30]   INFO -        #com.intellij.idea.Main - IDE: PhpStorm (build #PS-141.2462, 18 Aug 2015 00:00) 
2015-09-23 16:18:27,437 [     30]   INFO -        #com.intellij.idea.Main - OS: Linux (4.1.6-1-arch, amd64) 
2015-09-23 16:18:27,438 [     31]   INFO -        #com.intellij.idea.Main - JRE: 1.8.0_60-b24 (Oracle Corporation) 
2015-09-23 16:18:27,438 [     31]   INFO -        #com.intellij.idea.Main - JVM: 25.60-b23 (OpenJDK 64-Bit Server VM) 
2015-09-23 16:18:27,470 [     63]   INFO -        #com.intellij.idea.Main - JVM Args: -Xbootclasspath/a:./../lib/boot.jar -Xms128m -Xmx750m -XX:MaxPermSize=350m -XX:ReservedCodeCacheSize=225m -XX:+UseConcMarkSweepGC -XX:SoftRefLRUPolicyMSPerMB=50 -ea -Dsun.io.useCanonCaches=false -Djava.net.preferIPv4Stack=true -Dawt.useSystemAAFontSettings=on -Dswing.aatext=true -Djb.vmOptionsFile=./phpstorm64.vmoptions -XX:ErrorFile=/home/alograg/java_error_in_WEBIDE_%p.log -Djb.restart.code=88 -Didea.paths.selector=WebIde90 -Didea.platform.prefix=PhpStorm -Didea.no.jre.check=true 
2015-09-23 16:18:27,626 [    219]   INFO -        #com.intellij.idea.Main - JNA library loaded (64-bit) in 156 ms 
2015-09-23 16:19:47,085 [  79678]   INFO - .intellij.idea.IdeaApplication - WM detected: Openbox 
2015-09-23 16:19:49,768 [  82361]   INFO - llij.ide.plugins.PluginManager - Cannot find optional descriptor uml-java-support.xml 
2015-09-23 16:19:49,780 [  82373]   INFO - llij.ide.plugins.PluginManager - Cannot find optional descriptor uml-properties-support.xml 
2015-09-23 16:19:50,121 [  82714]   INFO - llij.ide.plugins.PluginManager - Cannot find optional descriptor js-nashorn-support.xml 
2015-09-23 16:19:51,376 [  83969]   INFO - llij.ide.plugins.PluginManager - 51 plugins initialized in 3928 ms 
2015-09-23 16:19:51,378 [  83971]   INFO - llij.ide.plugins.PluginManager - Loaded bundled plugins: ASP (0.1), Apache config (.htaccess) support (141.2462), Behat Support (141.2462), Blade Support (141.2462), CSS Support, CVS Integration (11), CoffeeScript (2.0), Command Line Tool Support (141.2462), Database Tools and SQL (1.0), Drupal Support (141.2462), File Watchers (141.2462), GNU GetText files support (*.po) (136.SNAPSHOT), Gherkin (999.999), Git Integration (8.1), GitHub, Google App Engine Support for PHP (141.2462), HAML, HTML Tools (2.0), IDEA CORE, Ini4Idea (141.2462), IntelliLang (8.0), Java Server Pages Integration (1.0), JavaScript Debugger (1.0), JavaScript Intention Power Pack (0.9.4), JavaScript Support (1.0), LESS support, PHP (141.2462), PHP Remote Interpreter (141.2462), Perforce Integration (2.0), Performance Testing (1.0), Phing Support (141.2462), QuirksMode, REST Client, ReStructuredText Support (136.SNAPSHOT), Refactor-X (2.01), Remote Hosts Access (0.1), SASS support, SSH Remote Run (0.1), Subversion Integration (1.1), Task Management (1.0), Terminal (0.1), TextMate bundles support (VERSION), Twig Support (141.2462), UML Support (1.0), Vagrant (141.2462), W3C Validators (2.0), WordPress Support (141.2462), XPathView + XSLT Support (4), XSLT-Debugger (1.4), YAML, hg4idea (10.0) 
2015-09-23 16:19:54,639 [  87232]   INFO - ellij.concurrency.JobScheduler - 50 ms execution limit failed for: com.intellij.openapi.progress.impl.CoreProgressManager$1@53587252; elapsed time was 79ms 
2015-09-23 16:19:54,774 [  87367]   INFO - ellij.vfs.persistent.FSRecords - Marking VFS as corrupted 
2015-09-23 16:19:54,779 [  87372]   INFO - ellij.util.io.PagedFileStorage - lower=100; upper=200; buffer=10; max=748027904 
2015-09-23 16:19:54,989 [  87582]   INFO - api.vfs.impl.local.FileWatcher - Starting file watcher: /usr/share/phpstorm/bin/fsnotifier64 
2015-09-23 16:19:55,056 [  87649]   INFO - api.vfs.impl.local.FileWatcher - Native file watcher is operational. 
2015-09-23 16:19:57,720 [  90313]   INFO - .history.utils.LocalHistoryLog - local history version mismatch (was: 0, expected: 5), rebuilding... 
2015-09-23 16:19:57,720 [  90313]   INFO - .history.utils.LocalHistoryLog - FS has been rebuild, rebuilding local history... 
2015-09-23 16:19:59,974 [  92567]   INFO - rains.ide.BuiltInServerManager - built-in server started, port 63342 
2015-09-23 16:20:03,432 [  96025]   INFO - tellij.xml.Html5SchemaProvider - HTML5_SCHEMA_LOCATION = /usr/share/phpstorm/lib/phpstorm.jar!/resources/html5-schema/html5.rnc 
2015-09-23 16:20:03,433 [  96026]   INFO - tellij.xml.Html5SchemaProvider - XHTML5_SCHEMA_LOCATION = /usr/share/phpstorm/lib/phpstorm.jar!/resources/html5-schema/xhtml5.rnc 
2015-09-23 16:20:03,433 [  96026]   INFO - tellij.xml.Html5SchemaProvider - CHARS_DTD_LOCATION = /usr/share/phpstorm/lib/phpstorm.jar!/resources/html5-schema/html5chars.ent 
2015-09-23 16:20:04,913 [  97506]   INFO - ellij.project.impl.ProjectImpl - 19 project components initialized in 1415 ms 
2015-09-23 16:20:04,914 [  97507]   INFO - le.impl.ModuleManagerComponent - 0 module(s) loaded in 0 ms 
2015-09-23 16:20:05,356 [  97949]   INFO - pl.stores.ApplicationStoreImpl - 78 application components initialized in 13626 ms 
2015-09-23 16:20:05,378 [  97971]   INFO - .intellij.idea.IdeaApplication - App initialization took 142430 ms 
2015-09-23 16:20:16,420 [ 109013]   WARN - tions.CreateDesktopEntryAction - '/home/alograg/.WebIde90/system/tmp/sudo0.sh' : 127 
java.lang.RuntimeException: '/home/alograg/.WebIde90/system/tmp/sudo0.sh' : 127
	at com.intellij.ide.actions.CreateDesktopEntryAction.a(CreateDesktopEntryAction.java:196)
	at com.intellij.ide.actions.CreateDesktopEntryAction.createDesktopEntry(CreateDesktopEntryAction.java:103)
	at com.intellij.application.options.InitialConfigurationDialog$8.run(InitialConfigurationDialog.java:429)
	at com.intellij.openapi.progress.impl.CoreProgressManager$TaskRunnable.run(CoreProgressManager.java:563)
	at com.intellij.openapi.progress.impl.CoreProgressManager$2.run(CoreProgressManager.java:152)
	at com.intellij.openapi.progress.impl.CoreProgressManager.a(CoreProgressManager.java:452)
	at com.intellij.openapi.progress.impl.CoreProgressManager.executeProcessUnderProgress(CoreProgressManager.java:402)
	at com.intellij.openapi.progress.impl.ProgressManagerImpl.executeProcessUnderProgress(ProgressManagerImpl.java:54)
	at com.intellij.openapi.progress.impl.CoreProgressManager.runProcess(CoreProgressManager.java:137)
	at com.intellij.openapi.progress.impl.ProgressManagerImpl$1.run(ProgressManagerImpl.java:126)
	at com.intellij.openapi.application.impl.ApplicationImpl$8.run(ApplicationImpl.java:400)
	at java.util.concurrent.Executors$RunnableAdapter.call(Executors.java:511)
	at java.util.concurrent.FutureTask.run(FutureTask.java:266)
	at java.util.concurrent.ThreadPoolExecutor.runWorker(ThreadPoolExecutor.java:1142)
	at java.util.concurrent.ThreadPoolExecutor$Worker.run(ThreadPoolExecutor.java:617)
	at java.lang.Thread.run(Thread.java:745)
	at org.jetbrains.ide.PooledThreadExecutor$1$1.run(PooledThreadExecutor.java:56)
2015-09-23 16:20:19,082 [ 111675]   INFO - Types.impl.FileTypeManagerImpl - FileTypeManager: 0 auto-detected files
Elapsed time on auto-detect: 0 ms 
2015-09-23 16:20:19,105 [ 111698]   INFO - org.jetbrains.io.BuiltInServer - web server stopped 
2015-09-23 16:20:19,108 [ 111701]   INFO - il.indexing.FileBasedIndexImpl - START INDEX SHUTDOWN 
2015-09-23 16:20:19,165 [ 111758]   INFO - il.indexing.FileBasedIndexImpl - END INDEX SHUTDOWN 
2015-09-23 16:20:19,165 [ 111758]   INFO - stubs.SerializationManagerImpl - START StubSerializationManager SHUTDOWN 
2015-09-23 16:20:19,166 [ 111759]   INFO - stubs.SerializationManagerImpl - END StubSerializationManager SHUTDOWN 
2015-09-23 16:20:19,320 [ 111913]   WARN - api.vfs.impl.local.FileWatcher - Watcher terminated with exit code 0 
2015-09-23 16:20:19,323 [ 111916]   INFO - newvfs.persistent.PersistentFS - VFS dispose started 
2015-09-23 16:20:19,333 [ 111926]   INFO - newvfs.persistent.PersistentFS - VFS dispose completed 
2015-09-23 16:20:19,345 [ 111938]   INFO -        #com.intellij.idea.Main - ------------------------------------------------------ IDE SHUTDOWN ------------------------------------------------------ 
2015-09-23 16:20:21,892 [      0]   INFO -        #com.intellij.idea.Main - ------------------------------------------------------ IDE STARTED ------------------------------------------------------ 
2015-09-23 16:20:21,916 [     24]   INFO -        #com.intellij.idea.Main - IDE: PhpStorm (build #PS-141.2462, 18 Aug 2015 00:00) 
2015-09-23 16:20:21,916 [     24]   INFO -        #com.intellij.idea.Main - OS: Linux (4.1.6-1-arch, amd64) 
2015-09-23 16:20:21,916 [     24]   INFO -        #com.intellij.idea.Main - JRE: 1.8.0_60-b24 (Oracle Corporation) 
2015-09-23 16:20:21,916 [     24]   INFO -        #com.intellij.idea.Main - JVM: 25.60-b23 (OpenJDK 64-Bit Server VM) 
2015-09-23 16:20:21,920 [     28]   INFO -        #com.intellij.idea.Main - JVM Args: -Xbootclasspath/a:/usr/share/phpstorm/bin/../lib/boot.jar -Xms128m -Xmx750m -XX:MaxPermSize=350m -XX:ReservedCodeCacheSize=225m -XX:+UseConcMarkSweepGC -XX:SoftRefLRUPolicyMSPerMB=50 -ea -Dsun.io.useCanonCaches=false -Djava.net.preferIPv4Stack=true -Dawt.useSystemAAFontSettings=on -Dswing.aatext=true -Djb.vmOptionsFile=/usr/share/phpstorm/bin/phpstorm64.vmoptions -XX:ErrorFile=/home/alograg/java_error_in_WEBIDE_%p.log -Djb.restart.code=88 -Didea.paths.selector=WebIde90 -Didea.platform.prefix=PhpStorm -Didea.no.jre.check=true 
2015-09-23 16:20:21,976 [     84]   INFO -        #com.intellij.idea.Main - JNA library loaded (64-bit) in 56 ms 
2015-09-23 16:20:22,536 [    644]   INFO - .intellij.idea.IdeaApplication - WM detected: Openbox 
2015-09-23 16:20:23,984 [   2092]   INFO - llij.ide.plugins.PluginManager - Cannot find optional descriptor uml-properties-support.xml 
2015-09-23 16:20:23,998 [   2106]   INFO - llij.ide.plugins.PluginManager - Cannot find optional descriptor uml-java-support.xml 
2015-09-23 16:20:24,120 [   2228]   INFO - llij.ide.plugins.PluginManager - Cannot find optional descriptor js-nashorn-support.xml 
2015-09-23 16:20:24,797 [   2905]   INFO - llij.ide.plugins.PluginManager - 51 plugins initialized in 1759 ms 
2015-09-23 16:20:24,800 [   2908]   INFO - llij.ide.plugins.PluginManager - Loaded bundled plugins: ASP (0.1), Apache config (.htaccess) support (141.2462), Behat Support (141.2462), Blade Support (141.2462), CSS Support, CVS Integration (11), CoffeeScript (2.0), Command Line Tool Support (141.2462), Database Tools and SQL (1.0), Drupal Support (141.2462), File Watchers (141.2462), GNU GetText files support (*.po) (136.SNAPSHOT), Gherkin (999.999), Git Integration (8.1), GitHub, Google App Engine Support for PHP (141.2462), HAML, HTML Tools (2.0), IDEA CORE, Ini4Idea (141.2462), IntelliLang (8.0), Java Server Pages Integration (1.0), JavaScript Debugger (1.0), JavaScript Intention Power Pack (0.9.4), JavaScript Support (1.0), LESS support, PHP (141.2462), PHP Remote Interpreter (141.2462), Perforce Integration (2.0), Performance Testing (1.0), Phing Support (141.2462), QuirksMode, REST Client, ReStructuredText Support (136.SNAPSHOT), Refactor-X (2.01), Remote Hosts Access (0.1), SASS support, SSH Remote Run (0.1), Subversion Integration (1.1), Task Management (1.0), Terminal (0.1), TextMate bundles support (VERSION), Twig Support (141.2462), UML Support (1.0), Vagrant (141.2462), W3C Validators (2.0), WordPress Support (141.2462), XPathView + XSLT Support (4), XSLT-Debugger (1.4), YAML, hg4idea (10.0) 
2015-09-23 16:20:25,729 [   3837]   INFO - ellij.util.io.PagedFileStorage - lower=100; upper=200; buffer=10; max=748027904 
2015-09-23 16:20:25,802 [   3910]   INFO - api.vfs.impl.local.FileWatcher - Starting file watcher: /usr/share/phpstorm/bin/fsnotifier64 
2015-09-23 16:20:25,831 [   3939]   INFO - api.vfs.impl.local.FileWatcher - Native file watcher is operational. 
2015-09-23 16:20:27,314 [   5422]   INFO - lij.diagnostic.DebugLogManager - Set DEBUG for the following categories: [] 
2015-09-23 16:20:28,316 [   6424]   INFO - rains.ide.BuiltInServerManager - built-in server started, port 63342 
2015-09-23 16:20:29,489 [   7597]   INFO - pl.stores.ApplicationStoreImpl - 78 application components initialized in 4511 ms 
2015-09-23 16:20:29,512 [   7620]   INFO - .intellij.idea.IdeaApplication - App initialization took 8682 ms 
2015-09-23 16:20:35,070 [  13178]   INFO - ellij.project.impl.ProjectImpl - 19 project components initialized in 394 ms 
2015-09-23 16:20:35,080 [  13188]   INFO - le.impl.ModuleManagerComponent - 0 module(s) loaded in 0 ms 
2015-09-23 16:20:35,598 [  13706]   INFO - org.jetbrains.io.BuiltInServer - web server stopped 
2015-09-23 16:20:35,599 [  13707]   INFO - Types.impl.FileTypeManagerImpl - FileTypeManager: 0 auto-detected files
Elapsed time on auto-detect: 0 ms 
2015-09-23 16:20:35,617 [  13725]   INFO - il.indexing.FileBasedIndexImpl - START INDEX SHUTDOWN 
2015-09-23 16:20:35,714 [  13822]   INFO - il.indexing.FileBasedIndexImpl - END INDEX SHUTDOWN 
2015-09-23 16:20:35,716 [  13824]   INFO - stubs.SerializationManagerImpl - START StubSerializationManager SHUTDOWN 
2015-09-23 16:20:35,717 [  13825]   INFO - stubs.SerializationManagerImpl - END StubSerializationManager SHUTDOWN 
2015-09-23 16:20:35,755 [  13863]   WARN - api.vfs.impl.local.FileWatcher - Watcher terminated with exit code 0 
2015-09-23 16:20:35,756 [  13864]   INFO - newvfs.persistent.PersistentFS - VFS dispose started 
2015-09-23 16:20:35,780 [  13888]   INFO - newvfs.persistent.PersistentFS - VFS dispose completed 
2015-09-23 16:20:35,829 [  13937]   INFO -        #com.intellij.idea.Main - ------------------------------------------------------ IDE SHUTDOWN ------------------------------------------------------ 
2015-09-23 16:25:54,921 [      0]   INFO -        #com.intellij.idea.Main - ------------------------------------------------------ IDE STARTED ------------------------------------------------------ 
2015-09-23 16:25:54,945 [     24]   INFO -        #com.intellij.idea.Main - IDE: PhpStorm (build #PS-141.2462, 18 Aug 2015 00:00) 
2015-09-23 16:25:54,945 [     24]   INFO -        #com.intellij.idea.Main - OS: Linux (4.1.6-1-arch, amd64) 
2015-09-23 16:25:54,945 [     24]   INFO -        #com.intellij.idea.Main - JRE: 1.8.0_60-b24 (Oracle Corporation) 
2015-09-23 16:25:54,945 [     24]   INFO -        #com.intellij.idea.Main - JVM: 25.60-b23 (OpenJDK 64-Bit Server VM) 
2015-09-23 16:25:54,948 [     27]   INFO -        #com.intellij.idea.Main - JVM Args: -Xbootclasspath/a:./../lib/boot.jar -Xms128m -Xmx750m -XX:MaxPermSize=350m -XX:ReservedCodeCacheSize=225m -XX:+UseConcMarkSweepGC -XX:SoftRefLRUPolicyMSPerMB=50 -ea -Dsun.io.useCanonCaches=false -Djava.net.preferIPv4Stack=true -Dawt.useSystemAAFontSettings=on -Dswing.aatext=true -Djb.vmOptionsFile=./phpstorm64.vmoptions -XX:ErrorFile=/home/alograg/java_error_in_WEBIDE_%p.log -Djb.restart.code=88 -Didea.paths.selector=WebIde90 -Didea.platform.prefix=PhpStorm -Didea.no.jre.check=true 
2015-09-23 16:25:55,004 [     83]   INFO -        #com.intellij.idea.Main - JNA library loaded (64-bit) in 55 ms 
2015-09-23 16:25:55,639 [    718]   INFO - .intellij.idea.IdeaApplication - WM detected: Openbox 
2015-09-23 16:25:57,045 [   2124]   INFO - llij.ide.plugins.PluginManager - Cannot find optional descriptor uml-java-support.xml 
2015-09-23 16:25:57,061 [   2140]   INFO - llij.ide.plugins.PluginManager - Cannot find optional descriptor uml-properties-support.xml 
2015-09-23 16:25:57,159 [   2238]   INFO - llij.ide.plugins.PluginManager - Cannot find optional descriptor js-nashorn-support.xml 
2015-09-23 16:25:57,840 [   2919]   INFO - llij.ide.plugins.PluginManager - 51 plugins initialized in 1706 ms 
2015-09-23 16:25:57,841 [   2920]   INFO - llij.ide.plugins.PluginManager - Loaded bundled plugins: ASP (0.1), Apache config (.htaccess) support (141.2462), Behat Support (141.2462), Blade Support (141.2462), CSS Support, CVS Integration (11), CoffeeScript (2.0), Command Line Tool Support (141.2462), Database Tools and SQL (1.0), Drupal Support (141.2462), File Watchers (141.2462), GNU GetText files support (*.po) (136.SNAPSHOT), Gherkin (999.999), Git Integration (8.1), GitHub, Google App Engine Support for PHP (141.2462), HAML, HTML Tools (2.0), IDEA CORE, Ini4Idea (141.2462), IntelliLang (8.0), Java Server Pages Integration (1.0), JavaScript Debugger (1.0), JavaScript Intention Power Pack (0.9.4), JavaScript Support (1.0), LESS support, PHP (141.2462), PHP Remote Interpreter (141.2462), Perforce Integration (2.0), Performance Testing (1.0), Phing Support (141.2462), QuirksMode, REST Client, ReStructuredText Support (136.SNAPSHOT), Refactor-X (2.01), Remote Hosts Access (0.1), SASS support, SSH Remote Run (0.1), Subversion Integration (1.1), Task Management (1.0), Terminal (0.1), TextMate bundles support (VERSION), Twig Support (141.2462), UML Support (1.0), Vagrant (141.2462), W3C Validators (2.0), WordPress Support (141.2462), XPathView + XSLT Support (4), XSLT-Debugger (1.4), YAML, hg4idea (10.0) 
2015-09-23 16:25:58,701 [   3780]   INFO - ellij.concurrency.JobScheduler - 50 ms execution limit failed for: com.intellij.openapi.progress.impl.CoreProgressManager$1@49e41187; elapsed time was 69ms 
2015-09-23 16:25:58,740 [   3819]   INFO - ellij.util.io.PagedFileStorage - lower=100; upper=200; buffer=10; max=748027904 
2015-09-23 16:25:58,813 [   3892]   INFO - api.vfs.impl.local.FileWatcher - Starting file watcher: /usr/share/phpstorm/bin/fsnotifier64 
2015-09-23 16:25:58,835 [   3914]   INFO - api.vfs.impl.local.FileWatcher - Native file watcher is operational. 
2015-09-23 16:26:00,283 [   5362]   INFO - lij.diagnostic.DebugLogManager - Set DEBUG for the following categories: [] 
2015-09-23 16:26:01,196 [   6275]   INFO - rains.ide.BuiltInServerManager - built-in server started, port 63342 
2015-09-23 16:26:02,632 [   7711]   INFO - pl.stores.ApplicationStoreImpl - 78 application components initialized in 4659 ms 
2015-09-23 16:26:02,659 [   7738]   INFO - .intellij.idea.IdeaApplication - App initialization took 8685 ms 
2015-09-23 16:26:07,569 [  12648]   INFO - ellij.project.impl.ProjectImpl - 19 project components initialized in 540 ms 
2015-09-23 16:26:07,570 [  12649]   INFO - le.impl.ModuleManagerComponent - 0 module(s) loaded in 0 ms 
2015-09-23 16:26:08,061 [  13140]   INFO - Types.impl.FileTypeManagerImpl - FileTypeManager: 0 auto-detected files
Elapsed time on auto-detect: 0 ms 
2015-09-23 16:26:08,071 [  13150]   INFO - org.jetbrains.io.BuiltInServer - web server stopped 
2015-09-23 16:26:08,078 [  13157]   INFO - il.indexing.FileBasedIndexImpl - START INDEX SHUTDOWN 
2015-09-23 16:26:08,160 [  13239]   INFO - il.indexing.FileBasedIndexImpl - END INDEX SHUTDOWN 
2015-09-23 16:26:08,161 [  13240]   INFO - stubs.SerializationManagerImpl - START StubSerializationManager SHUTDOWN 
2015-09-23 16:26:08,161 [  13240]   INFO - stubs.SerializationManagerImpl - END StubSerializationManager SHUTDOWN 
2015-09-23 16:26:08,325 [  13404]   WARN - api.vfs.impl.local.FileWatcher - Watcher terminated with exit code 0 
2015-09-23 16:26:08,325 [  13404]   INFO - newvfs.persistent.PersistentFS - VFS dispose started 
2015-09-23 16:26:08,338 [  13417]   INFO - newvfs.persistent.PersistentFS - VFS dispose completed 
2015-09-23 16:26:08,359 [  13438]   INFO -        #com.intellij.idea.Main - ------------------------------------------------------ IDE SHUTDOWN ------------------------------------------------------ 
2015-09-23 16:28:31,352 [      0]   INFO -        #com.intellij.idea.Main - ------------------------------------------------------ IDE STARTED ------------------------------------------------------ 
2015-09-23 16:28:31,377 [     25]   INFO -        #com.intellij.idea.Main - IDE: PhpStorm (build #PS-141.2462, 18 Aug 2015 00:00) 
2015-09-23 16:28:31,377 [     25]   INFO -        #com.intellij.idea.Main - OS: Linux (4.1.6-1-arch, amd64) 
2015-09-23 16:28:31,378 [     26]   INFO -        #com.intellij.idea.Main - JRE: 1.8.0_60-b24 (Oracle Corporation) 
2015-09-23 16:28:31,378 [     26]   INFO -        #com.intellij.idea.Main - JVM: 25.60-b23 (OpenJDK 64-Bit Server VM) 
2015-09-23 16:28:31,381 [     29]   INFO -        #com.intellij.idea.Main - JVM Args: -Xbootclasspath/a:./../lib/boot.jar -Xms128m -Xmx750m -XX:MaxPermSize=350m -XX:ReservedCodeCacheSize=225m -XX:+UseConcMarkSweepGC -XX:SoftRefLRUPolicyMSPerMB=50 -ea -Dsun.io.useCanonCaches=false -Djava.net.preferIPv4Stack=true -Dawt.useSystemAAFontSettings=on -Dswing.aatext=true -Djb.vmOptionsFile=./phpstorm64.vmoptions -XX:ErrorFile=/home/alograg/java_error_in_WEBIDE_%p.log -Djb.restart.code=88 -Didea.paths.selector=WebIde90 -Didea.platform.prefix=PhpStorm -Didea.no.jre.check=true 
2015-09-23 16:28:31,437 [     85]   INFO -        #com.intellij.idea.Main - JNA library loaded (64-bit) in 56 ms 
2015-09-23 16:28:32,022 [    670]   INFO - .intellij.idea.IdeaApplication - WM detected: Openbox 
2015-09-23 16:28:33,344 [   1992]   INFO - llij.ide.plugins.PluginManager - Cannot find optional descriptor uml-java-support.xml 
2015-09-23 16:28:33,365 [   2013]   INFO - llij.ide.plugins.PluginManager - Cannot find optional descriptor uml-properties-support.xml 
2015-09-23 16:28:33,461 [   2109]   INFO - llij.ide.plugins.PluginManager - Cannot find optional descriptor js-nashorn-support.xml 
2015-09-23 16:28:34,124 [   2772]   INFO - llij.ide.plugins.PluginManager - 51 plugins initialized in 1623 ms 
2015-09-23 16:28:34,126 [   2774]   INFO - llij.ide.plugins.PluginManager - Loaded bundled plugins: ASP (0.1), Apache config (.htaccess) support (141.2462), Behat Support (141.2462), Blade Support (141.2462), CSS Support, CVS Integration (11), CoffeeScript (2.0), Command Line Tool Support (141.2462), Database Tools and SQL (1.0), Drupal Support (141.2462), File Watchers (141.2462), GNU GetText files support (*.po) (136.SNAPSHOT), Gherkin (999.999), Git Integration (8.1), GitHub, Google App Engine Support for PHP (141.2462), HAML, HTML Tools (2.0), IDEA CORE, Ini4Idea (141.2462), IntelliLang (8.0), Java Server Pages Integration (1.0), JavaScript Debugger (1.0), JavaScript Intention Power Pack (0.9.4), JavaScript Support (1.0), LESS support, PHP (141.2462), PHP Remote Interpreter (141.2462), Perforce Integration (2.0), Performance Testing (1.0), Phing Support (141.2462), QuirksMode, REST Client, ReStructuredText Support (136.SNAPSHOT), Refactor-X (2.01), Remote Hosts Access (0.1), SASS support, SSH Remote Run (0.1), Subversion Integration (1.1), Task Management (1.0), Terminal (0.1), TextMate bundles support (VERSION), Twig Support (141.2462), UML Support (1.0), Vagrant (141.2462), W3C Validators (2.0), WordPress Support (141.2462), XPathView + XSLT Support (4), XSLT-Debugger (1.4), YAML, hg4idea (10.0) 
2015-09-23 16:28:35,095 [   3743]   INFO - ellij.concurrency.JobScheduler - 50 ms execution limit failed for: com.intellij.openapi.progress.impl.CoreProgressManager$1@622e0a33; elapsed time was 56ms 
2015-09-23 16:28:35,150 [   3798]   INFO - ellij.util.io.PagedFileStorage - lower=100; upper=200; buffer=10; max=748027904 
2015-09-23 16:28:35,232 [   3880]   INFO - api.vfs.impl.local.FileWatcher - Starting file watcher: /usr/share/phpstorm/bin/fsnotifier64 
2015-09-23 16:28:35,256 [   3904]   INFO - api.vfs.impl.local.FileWatcher - Native file watcher is operational. 
2015-09-23 16:28:36,764 [   5412]   INFO - lij.diagnostic.DebugLogManager - Set DEBUG for the following categories: [] 
2015-09-23 16:28:37,696 [   6344]   INFO - rains.ide.BuiltInServerManager - built-in server started, port 63342 
2015-09-23 16:28:38,856 [   7504]   INFO - pl.stores.ApplicationStoreImpl - 78 application components initialized in 4551 ms 
2015-09-23 16:28:38,871 [   7519]   INFO - .intellij.idea.IdeaApplication - App initialization took 8495 ms 
2015-09-23 16:28:43,020 [  11668]   INFO - ellij.project.impl.ProjectImpl - 19 project components initialized in 315 ms 
2015-09-23 16:28:43,021 [  11669]   INFO - le.impl.ModuleManagerComponent - 0 module(s) loaded in 0 ms 
2015-09-23 16:41:41,748 [ 790396]   INFO - tellij.xml.Html5SchemaProvider - HTML5_SCHEMA_LOCATION = /usr/share/phpstorm/lib/phpstorm.jar!/resources/html5-schema/html5.rnc 
2015-09-23 16:41:41,748 [ 790396]   INFO - tellij.xml.Html5SchemaProvider - XHTML5_SCHEMA_LOCATION = /usr/share/phpstorm/lib/phpstorm.jar!/resources/html5-schema/xhtml5.rnc 
2015-09-23 16:41:41,748 [ 790396]   INFO - tellij.xml.Html5SchemaProvider - CHARS_DTD_LOCATION = /usr/share/phpstorm/lib/phpstorm.jar!/resources/html5-schema/html5chars.ent 
2015-09-23 16:43:56,305 [ 924953]   INFO -                         github - Success; Connection successful 
2015-09-23 16:45:19,819 [1008467]   INFO - s.webDeployment.PublishUtils$2 - Using "/tmp/vfs_cache" as temporary files store. 
2015-09-23 16:55:39,815 [1628463]   INFO - org.jetbrains.io.BuiltInServer - web server stopped 
2015-09-23 16:55:39,816 [1628464]   INFO - Types.impl.FileTypeManagerImpl - FileTypeManager: 0 auto-detected files
Elapsed time on auto-detect: 0 ms 
2015-09-23 16:55:39,823 [1628471]   INFO - il.indexing.FileBasedIndexImpl - START INDEX SHUTDOWN 
2015-09-23 16:55:39,893 [1628541]   INFO - il.indexing.FileBasedIndexImpl - END INDEX SHUTDOWN 
2015-09-23 16:55:39,895 [1628543]   INFO - stubs.SerializationManagerImpl - START StubSerializationManager SHUTDOWN 
2015-09-23 16:55:39,897 [1628545]   INFO - stubs.SerializationManagerImpl - END StubSerializationManager SHUTDOWN 
2015-09-23 16:55:39,996 [1628644]   WARN - api.vfs.impl.local.FileWatcher - Watcher terminated with exit code 0 
2015-09-23 16:55:39,997 [1628645]   INFO - newvfs.persistent.PersistentFS - VFS dispose started 
2015-09-23 16:55:40,005 [1628653]   INFO - newvfs.persistent.PersistentFS - VFS dispose completed 
2015-09-23 16:55:40,023 [1628671]   INFO -        #com.intellij.idea.Main - ------------------------------------------------------ IDE SHUTDOWN ------------------------------------------------------ 
